Build started 8/23/2017 12:08:49 PM.
     1>Project "\\ac.stchas.edu\userfiles\folderredirection\rc215088\documents\visual studio 2012\Projects\Campbell_Review\Campbell_Review\Campbell_Review.vcxproj" on node 2 (Build target(s)).
     1>ClCompile:
         C:\Program Files (x86)\Microsoft Visual Studio 11.0\VC\bin\CL.exe /c /ZI /nologo /W3 /WX- /sdl /Od /Oy- /D WIN32 /D _DEBUG /D _CONSOLE /D _UNICODE /D UNICODE /Gm /EHsc /RTC1 /MDd /GS /fp:precise /Zc:wchar_t /Zc:forScope /Yu"stdafx.h" /Fp"Debug\Campbell_Review.pch" /Fo"Debug\\" /Fd"Debug\vc110.pdb" /Gd /TP /analyze- /errorReport:prompt Campbell_Review.cpp
         Campbell_Review.cpp
     1>\\ac.stchas.edu\userfiles\folderredirection\rc215088\documents\visual studio 2012\projects\campbell_review\campbell_review\campbell_review.cpp(23): error C4700: uninitialized local variable 'avg' used
     1>Done Building Project "\\ac.stchas.edu\userfiles\folderredirection\rc215088\documents\visual studio 2012\Projects\Campbell_Review\Campbell_Review\Campbell_Review.vcxproj" (Build target(s)) -- FAILED.

Build FAILED.

Time Elapsed 00:00:00.85
