Build started 8/29/2016 8:35:38 PM.
     1>Project "\\ac.stchas.edu\userfiles\folderredirection\rc215088\documents\visual studio 2012\Projects\MathProblem\MathProblem\MathProblem.vcxproj" on node 2 (Build target(s)).
     1>ClCompile:
         C:\Program Files (x86)\Microsoft Visual Studio 11.0\VC\bin\CL.exe /c /ZI /nologo /W3 /WX- /sdl /Od /Oy- /D WIN32 /D _DEBUG /D _CONSOLE /D _UNICODE /D UNICODE /Gm /EHsc /RTC1 /MDd /GS /fp:precise /Zc:wchar_t /Zc:forScope /Yc"stdafx.h" /Fp"Debug\MathProblem.pch" /Fo"Debug\\" /Fd"Debug\vc110.pdb" /Gd /TP /analyze- /errorReport:prompt stdafx.cpp
         stdafx.cpp
     1>FileTracker : error FTK1013: could not find unicode byte order marker in the file tracking log file: \\ac.stchas.edu\userfiles\folderredirection\rc215088\documents\visual studio 2012\Projects\MathProblem\MathProblem\Debug\CL.write.1.tlog. The tracking data is invalid.
         
     1>Done Building Project "\\ac.stchas.edu\userfiles\folderredirection\rc215088\documents\visual studio 2012\Projects\MathProblem\MathProblem\MathProblem.vcxproj" (Build target(s)) -- FAILED.

Build FAILED.

Time Elapsed 00:00:00.59
